  pAnimator.cpp
  pAnimtation.cpp
  pAudioClip.cpp
  pAudioListener.cpp
  pAudioSource.cpp
  pBoxCollider2D.cpp
  pCamera.cpp
  pCircleCollider2D.cpp
  pCollider.cpp
  pColliderComponent.cpp
  pCollisionManager.cpp
  pConnectionManager.cpp
  pDontDestroyOnLoad.cpp
  pFmod.cpp
  pLayer.cpp
  pMath.cpp
  pComponent.cpp
  pEntity.cpp
  pGameObject.cpp
  pApplication.cpp
  pInput.cpp
  pResource.cpp
  pResources.cpp
  pRigidBody.cpp
  pScene.cpp
  pSceneManager.cpp
  pSpriteRenderer.cpp
  pTilemapRenderer.cpp
  c:\program files (x86)\windows kits\10\include\10.0.17763.0\um\dinput.h: DIRECTINPUT_VERSION undefined. Defaulting to version 0x0800
  c:\program files (x86)\windows kits\10\include\10.0.17763.0\um\dinput.h: DIRECTINPUT_VERSION undefined. Defaulting to version 0x0800
  c:\program files (x86)\windows kits\10\include\10.0.17763.0\um\dinput.h: DIRECTINPUT_VERSION undefined. Defaulting to version 0x0800
  c:\program files (x86)\windows kits\10\include\10.0.17763.0\um\dinput.h: DIRECTINPUT_VERSION undefined. Defaulting to version 0x0800
  c:\program files (x86)\windows kits\10\include\10.0.17763.0\um\dinput.h: DIRECTINPUT_VERSION undefined. Defaulting to version 0x0800
  c:\program files (x86)\windows kits\10\include\10.0.17763.0\um\dinput.h: DIRECTINPUT_VERSION undefined. Defaulting to version 0x0800
  c:\program files (x86)\windows kits\10\include\10.0.17763.0\um\dinput.h: DIRECTINPUT_VERSION undefined. Defaulting to version 0x0800
  c:\program files (x86)\windows kits\10\include\10.0.17763.0\um\dinput.h: DIRECTINPUT_VERSION undefined. Defaulting to version 0x0800
  c:\program files (x86)\windows kits\10\include\10.0.17763.0\um\dinput.h: DIRECTINPUT_VERSION undefined. Defaulting to version 0x0800
  c:\program files (x86)\windows kits\10\include\10.0.17763.0\um\dinput.h: DIRECTINPUT_VERSION undefined. Defaulting to version 0x0800
  c:\program files (x86)\windows kits\10\include\10.0.17763.0\um\dinput.h: DIRECTINPUT_VERSION undefined. Defaulting to version 0x0800
c:\users\ssafy\desktop\dinosaurgame\myengin_source\panimtation.cpp(90): warning C4244: '인수': 'float'에서 'int'(으)로 변환하면서 데이터가 손실될 수 있습니다.
c:\users\ssafy\desktop\dinosaurgame\myengin_source\panimtation.cpp(89): warning C4244: '인수': 'float'에서 'int'(으)로 변환하면서 데이터가 손실될 수 있습니다.
c:\users\ssafy\desktop\dinosaurgame\myengin_source\panimtation.cpp(88): warning C4244: '인수': 'float'에서 'int'(으)로 변환하면서 데이터가 손실될 수 있습니다.
c:\users\ssafy\desktop\dinosaurgame\myengin_source\panimtation.cpp(87): warning C4244: '인수': 'float'에서 'int'(으)로 변환하면서 데이터가 손실될 수 있습니다.
c:\users\ssafy\desktop\dinosaurgame\myengin_source\panimtation.cpp(85): warning C4244: '인수': 'float'에서 'int'(으)로 변환하면서 데이터가 손실될 수 있습니다.
c:\users\ssafy\desktop\dinosaurgame\myengin_source\panimtation.cpp(84): warning C4244: '인수': 'float'에서 'int'(으)로 변환하면서 데이터가 손실될 수 있습니다.
c:\users\ssafy\desktop\dinosaurgame\myengin_source\panimtation.cpp(83): warning C4244: '인수': 'float'에서 'int'(으)로 변환하면서 데이터가 손실될 수 있습니다.
c:\users\ssafy\desktop\dinosaurgame\myengin_source\panimtation.cpp(82): warning C4244: '인수': 'float'에서 'int'(으)로 변환하면서 데이터가 손실될 수 있습니다.
c:\users\ssafy\desktop\dinosaurgame\myengin_source\panimtation.cpp(103): warning C4244: '인수': 'float'에서 'int'(으)로 변환하면서 데이터가 손실될 수 있습니다.
c:\users\ssafy\desktop\dinosaurgame\myengin_source\panimtation.cpp(102): warning C4244: '인수': 'float'에서 'int'(으)로 변환하면서 데이터가 손실될 수 있습니다.
c:\users\ssafy\desktop\dinosaurgame\myengin_source\panimtation.cpp(101): warning C4244: '인수': 'float'에서 'int'(으)로 변환하면서 데이터가 손실될 수 있습니다.
c:\users\ssafy\desktop\dinosaurgame\myengin_source\panimtation.cpp(100): warning C4244: '인수': 'float'에서 'int'(으)로 변환하면서 데이터가 손실될 수 있습니다.
c:\users\ssafy\desktop\dinosaurgame\myengin_source\panimtation.cpp(98): warning C4244: '인수': 'float'에서 'int'(으)로 변환하면서 데이터가 손실될 수 있습니다.
c:\users\ssafy\desktop\dinosaurgame\myengin_source\panimtation.cpp(97): warning C4244: '인수': 'float'에서 'int'(으)로 변환하면서 데이터가 손실될 수 있습니다.
c:\users\ssafy\desktop\dinosaurgame\myengin_source\panimtation.cpp(96): warning C4244: '인수': 'float'에서 'int'(으)로 변환하면서 데이터가 손실될 수 있습니다.
c:\users\ssafy\desktop\dinosaurgame\myengin_source\panimtation.cpp(95): warning C4244: '인수': 'float'에서 'int'(으)로 변환하면서 데이터가 손실될 수 있습니다.
c:\users\ssafy\desktop\dinosaurgame\myengin_source\panimtation.cpp(106): warning C4244: '인수': 'float'에서 'int'(으)로 변환하면서 데이터가 손실될 수 있습니다.
c:\users\ssafy\desktop\dinosaurgame\myengin_source\panimtation.cpp(134): warning C4244: '인수': 'float'에서 'INT'(으)로 변환하면서 데이터가 손실될 수 있습니다.
c:\users\ssafy\desktop\dinosaurgame\myengin_source\panimtation.cpp(133): warning C4244: '인수': 'float'에서 'INT'(으)로 변환하면서 데이터가 손실될 수 있습니다.
c:\users\ssafy\desktop\dinosaurgame\myengin_source\panimtation.cpp(132): warning C4244: '인수': 'float'에서 'INT'(으)로 변환하면서 데이터가 손실될 수 있습니다.
c:\users\ssafy\desktop\dinosaurgame\myengin_source\panimtation.cpp(131): warning C4244: '인수': 'float'에서 'INT'(으)로 변환하면서 데이터가 손실될 수 있습니다.
c:\users\ssafy\desktop\dinosaurgame\myengin_source\panimtation.cpp(129): warning C4244: '인수': 'float'에서 'INT'(으)로 변환하면서 데이터가 손실될 수 있습니다.
c:\users\ssafy\desktop\dinosaurgame\myengin_source\panimtation.cpp(128): warning C4244: '인수': 'float'에서 'INT'(으)로 변환하면서 데이터가 손실될 수 있습니다.
c:\users\ssafy\desktop\dinosaurgame\myengin_source\panimtation.cpp(127): warning C4244: '인수': 'float'에서 'INT'(으)로 변환하면서 데이터가 손실될 수 있습니다.
c:\users\ssafy\desktop\dinosaurgame\myengin_source\panimtation.cpp(126): warning C4244: '인수': 'float'에서 'INT'(으)로 변환하면서 데이터가 손실될 수 있습니다.
c:\users\ssafy\desktop\dinosaurgame\myengin_source\panimator.cpp(117): warning C4267: '인수': 'size_t'에서 'int'(으)로 변환하면서 데이터가 손실될 수 있습니다.
c:\users\ssafy\desktop\dinosaurgame\myengin_source\panimator.cpp(121): warning C4244: '인수': 'UINT'에서 'float'(으)로 변환하면서 데이터가 손실될 수 있습니다.
  c:\program files (x86)\windows kits\10\include\10.0.17763.0\um\dinput.h: DIRECTINPUT_VERSION undefined. Defaulting to version 0x0800
  c:\program files (x86)\windows kits\10\include\10.0.17763.0\um\dinput.h: DIRECTINPUT_VERSION undefined. Defaulting to version 0x0800
  c:\program files (x86)\windows kits\10\include\10.0.17763.0\um\dinput.h: DIRECTINPUT_VERSION undefined. Defaulting to version 0x0800
  c:\program files (x86)\windows kits\10\include\10.0.17763.0\um\dinput.h: DIRECTINPUT_VERSION undefined. Defaulting to version 0x0800
  c:\program files (x86)\windows kits\10\include\10.0.17763.0\um\dinput.h: DIRECTINPUT_VERSION undefined. Defaulting to version 0x0800
  c:\program files (x86)\windows kits\10\include\10.0.17763.0\um\dinput.h: DIRECTINPUT_VERSION undefined. Defaulting to version 0x0800
  c:\program files (x86)\windows kits\10\include\10.0.17763.0\um\dinput.h: DIRECTINPUT_VERSION undefined. Defaulting to version 0x0800
  c:\program files (x86)\windows kits\10\include\10.0.17763.0\um\dinput.h: DIRECTINPUT_VERSION undefined. Defaulting to version 0x0800
  c:\program files (x86)\windows kits\10\include\10.0.17763.0\um\dinput.h: DIRECTINPUT_VERSION undefined. Defaulting to version 0x0800
  c:\program files (x86)\windows kits\10\include\10.0.17763.0\um\dinput.h: DIRECTINPUT_VERSION undefined. Defaulting to version 0x0800
  c:\program files (x86)\windows kits\10\include\10.0.17763.0\um\dinput.h: DIRECTINPUT_VERSION undefined. Defaulting to version 0x0800
  c:\program files (x86)\windows kits\10\include\10.0.17763.0\um\dinput.h: DIRECTINPUT_VERSION undefined. Defaulting to version 0x0800
  c:\program files (x86)\windows kits\10\include\10.0.17763.0\um\dinput.h: DIRECTINPUT_VERSION undefined. Defaulting to version 0x0800
  c:\program files (x86)\windows kits\10\include\10.0.17763.0\um\dinput.h: DIRECTINPUT_VERSION undefined. Defaulting to version 0x0800
  c:\program files (x86)\windows kits\10\include\10.0.17763.0\um\dinput.h: DIRECTINPUT_VERSION undefined. Defaulting to version 0x0800
  c:\program files (x86)\windows kits\10\include\10.0.17763.0\um\dinput.h: DIRECTINPUT_VERSION undefined. Defaulting to version 0x0800
c:\users\ssafy\desktop\dinosaurgame\myengin_source\pboxcollider2d.cpp(43): warning C4244: '인수': 'float'에서 'int'(으)로 변환하면서 데이터가 손실될 수 있습니다.
c:\users\ssafy\desktop\dinosaurgame\myengin_source\pboxcollider2d.cpp(42): warning C4244: '인수': 'float'에서 'int'(으)로 변환하면서 데이터가 손실될 수 있습니다.
c:\users\ssafy\desktop\dinosaurgame\myengin_source\pboxcollider2d.cpp(41): warning C4244: '인수': 'float'에서 'int'(으)로 변환하면서 데이터가 손실될 수 있습니다.
c:\users\ssafy\desktop\dinosaurgame\myengin_source\pcamera.cpp(21): warning C4244: '=': 'UINT'에서 'float'(으)로 변환하면서 데이터가 손실될 수 있습니다.
c:\users\ssafy\desktop\dinosaurgame\myengin_source\pcirclecollider2d.cpp(44): warning C4244: '인수': 'float'에서 'int'(으)로 변환하면서 데이터가 손실될 수 있습니다.
c:\users\ssafy\desktop\dinosaurgame\myengin_source\pcamera.cpp(22): warning C4244: '=': 'UINT'에서 'float'(으)로 변환하면서 데이터가 손실될 수 있습니다.
c:\users\ssafy\desktop\dinosaurgame\myengin_source\pcirclecollider2d.cpp(43): warning C4244: '인수': 'float'에서 'int'(으)로 변환하면서 데이터가 손실될 수 있습니다.
c:\users\ssafy\desktop\dinosaurgame\myengin_source\pcirclecollider2d.cpp(42): warning C4244: '인수': 'float'에서 'int'(으)로 변환하면서 데이터가 손실될 수 있습니다.
c:\users\ssafy\desktop\dinosaurgame\myengin_source\pcirclecollider2d.cpp(41): warning C4244: '인수': 'float'에서 'int'(으)로 변환하면서 데이터가 손실될 수 있습니다.
  c:\program files (x86)\windows kits\10\include\10.0.17763.0\um\dinput.h: DIRECTINPUT_VERSION undefined. Defaulting to version 0x0800
c:\users\ssafy\desktop\dinosaurgame\myengin_source\pspriterenderer.cpp(51): warning C4244: '인수': 'float'에서 'int'(으)로 변환하면서 데이터가 손실될 수 있습니다.
c:\users\ssafy\desktop\dinosaurgame\myengin_source\pspriterenderer.cpp(50): warning C4244: '인수': 'float'에서 'int'(으)로 변환하면서 데이터가 손실될 수 있습니다.
c:\users\ssafy\desktop\dinosaurgame\myengin_source\pspriterenderer.cpp(49): warning C4244: '인수': 'float'에서 'int'(으)로 변환하면서 데이터가 손실될 수 있습니다.
c:\users\ssafy\desktop\dinosaurgame\myengin_source\pspriterenderer.cpp(48): warning C4244: '인수': 'float'에서 'int'(으)로 변환하면서 데이터가 손실될 수 있습니다.
c:\users\ssafy\desktop\dinosaurgame\myengin_source\pspriterenderer.cpp(61): warning C4244: '인수': 'float'에서 'int'(으)로 변환하면서 데이터가 손실될 수 있습니다.
c:\users\ssafy\desktop\dinosaurgame\myengin_source\pspriterenderer.cpp(60): warning C4244: '인수': 'float'에서 'int'(으)로 변환하면서 데이터가 손실될 수 있습니다.
c:\users\ssafy\desktop\dinosaurgame\myengin_source\pspriterenderer.cpp(59): warning C4244: '인수': 'float'에서 'int'(으)로 변환하면서 데이터가 손실될 수 있습니다.
c:\users\ssafy\desktop\dinosaurgame\myengin_source\pspriterenderer.cpp(85): warning C4244: '인수': 'float'에서 'INT'(으)로 변환하면서 데이터가 손실될 수 있습니다.
c:\users\ssafy\desktop\dinosaurgame\myengin_source\pspriterenderer.cpp(84): warning C4244: '인수': 'float'에서 'INT'(으)로 변환하면서 데이터가 손실될 수 있습니다.
c:\users\ssafy\desktop\dinosaurgame\myengin_source\pspriterenderer.cpp(83): warning C4244: '인수': 'float'에서 'INT'(으)로 변환하면서 데이터가 손실될 수 있습니다.
c:\users\ssafy\desktop\dinosaurgame\myengin_source\ptilemaprenderer.cpp(63): warning C4244: '인수': 'float'에서 'int'(으)로 변환하면서 데이터가 손실될 수 있습니다.
c:\users\ssafy\desktop\dinosaurgame\myengin_source\ptilemaprenderer.cpp(62): warning C4244: '인수': 'float'에서 'int'(으)로 변환하면서 데이터가 손실될 수 있습니다.
c:\users\ssafy\desktop\dinosaurgame\myengin_source\ptilemaprenderer.cpp(61): warning C4244: '인수': 'float'에서 'int'(으)로 변환하면서 데이터가 손실될 수 있습니다.
c:\users\ssafy\desktop\dinosaurgame\myengin_source\ptilemaprenderer.cpp(59): warning C4244: '인수': 'float'에서 'int'(으)로 변환하면서 데이터가 손실될 수 있습니다.
c:\users\ssafy\desktop\dinosaurgame\myengin_source\ptilemaprenderer.cpp(58): warning C4244: '인수': 'float'에서 'int'(으)로 변환하면서 데이터가 손실될 수 있습니다.
c:\users\ssafy\desktop\dinosaurgame\myengin_source\ptilemaprenderer.cpp(57): warning C4244: '인수': 'float'에서 'int'(으)로 변환하면서 데이터가 손실될 수 있습니다.
c:\users\ssafy\desktop\dinosaurgame\myengin_source\ptilemaprenderer.cpp(76): warning C4244: '인수': 'float'에서 'int'(으)로 변환하면서 데이터가 손실될 수 있습니다.
c:\users\ssafy\desktop\dinosaurgame\myengin_source\ptilemaprenderer.cpp(75): warning C4244: '인수': 'float'에서 'int'(으)로 변환하면서 데이터가 손실될 수 있습니다.
c:\users\ssafy\desktop\dinosaurgame\myengin_source\ptilemaprenderer.cpp(74): warning C4244: '인수': 'float'에서 'int'(으)로 변환하면서 데이터가 손실될 수 있습니다.
c:\users\ssafy\desktop\dinosaurgame\myengin_source\ptilemaprenderer.cpp(72): warning C4244: '인수': 'float'에서 'int'(으)로 변환하면서 데이터가 손실될 수 있습니다.
c:\users\ssafy\desktop\dinosaurgame\myengin_source\ptilemaprenderer.cpp(71): warning C4244: '인수': 'float'에서 'int'(으)로 변환하면서 데이터가 손실될 수 있습니다.
c:\users\ssafy\desktop\dinosaurgame\myengin_source\ptilemaprenderer.cpp(70): warning C4244: '인수': 'float'에서 'int'(으)로 변환하면서 데이터가 손실될 수 있습니다.
c:\users\ssafy\desktop\dinosaurgame\myengin_source\pinput.cpp(76): warning C4018: '<': signed 또는 unsigned가 일치하지 않습니다.
c:\users\ssafy\desktop\dinosaurgame\myengin_source\pinput.cpp(77): warning C4244: '=': 'LONG'에서 'float'(으)로 변환하면서 데이터가 손실될 수 있습니다.
c:\users\ssafy\desktop\dinosaurgame\myengin_source\pinput.cpp(79): warning C4018: '<': signed 또는 unsigned가 일치하지 않습니다.
c:\users\ssafy\desktop\dinosaurgame\myengin_source\pinput.cpp(80): warning C4244: '=': 'LONG'에서 'float'(으)로 변환하면서 데이터가 손실될 수 있습니다.
c:\users\ssafy\desktop\dinosaurgame\myengin_source\papplication.cpp(54): warning C4838: 'const UINT'에서 'LONG'(으)로의 변환에는 축소 변환이 필요합니다.
  pTime.cpp
  pTransform.cpp
  pTexture.cpp
  pScript.cpp
  pRenderer.cpp
  pUIButton.cpp
  pUIHUD.cpp
  pUIManager.cpp
  pUIBase.cpp
  pUITextButton.cpp
  pUITextureButton.cpp
  main.cpp
  c:\program files (x86)\windows kits\10\include\10.0.17763.0\um\dinput.h: DIRECTINPUT_VERSION undefined. Defaulting to version 0x0800
  c:\program files (x86)\windows kits\10\include\10.0.17763.0\um\dinput.h: DIRECTINPUT_VERSION undefined. Defaulting to version 0x0800
  c:\program files (x86)\windows kits\10\include\10.0.17763.0\um\dinput.h: DIRECTINPUT_VERSION undefined. Defaulting to version 0x0800
  c:\program files (x86)\windows kits\10\include\10.0.17763.0\um\dinput.h: DIRECTINPUT_VERSION undefined. Defaulting to version 0x0800
  c:\program files (x86)\windows kits\10\include\10.0.17763.0\um\dinput.h: DIRECTINPUT_VERSION undefined. Defaulting to version 0x0800
  c:\program files (x86)\windows kits\10\include\10.0.17763.0\um\dinput.h: DIRECTINPUT_VERSION undefined. Defaulting to version 0x0800
  c:\program files (x86)\windows kits\10\include\10.0.17763.0\um\dinput.h: DIRECTINPUT_VERSION undefined. Defaulting to version 0x0800
c:\users\ssafy\desktop\dinosaurgame\myengin_source\ptime.cpp(35): warning C4267: '초기화 중': 'size_t'에서 'int'(으)로 변환하면서 데이터가 손실될 수 있습니다.
  c:\program files (x86)\windows kits\10\include\10.0.17763.0\um\dinput.h: DIRECTINPUT_VERSION undefined. Defaulting to version 0x0800
  c:\program files (x86)\windows kits\10\include\10.0.17763.0\um\dinput.h: DIRECTINPUT_VERSION undefined. Defaulting to version 0x0800
  c:\program files (x86)\windows kits\10\include\10.0.17763.0\um\dinput.h: DIRECTINPUT_VERSION undefined. Defaulting to version 0x0800
c:\users\ssafy\desktop\dinosaurgame\myengin_source\puitextbutton.cpp(50): warning C4244: '인수': 'float'에서 'int'(으)로 변환하면서 데이터가 손실될 수 있습니다.
c:\users\ssafy\desktop\dinosaurgame\myengin_source\puitextbutton.cpp(58): warning C4244: '인수': 'float'에서 'int'(으)로 변환하면서 데이터가 손실될 수 있습니다.
  c:\program files (x86)\windows kits\10\include\10.0.17763.0\um\dinput.h: DIRECTINPUT_VERSION undefined. Defaulting to version 0x0800
  c:\program files (x86)\windows kits\10\include\10.0.17763.0\um\dinput.h: DIRECTINPUT_VERSION undefined. Defaulting to version 0x0800
c:\users\ssafy\desktop\dinosaurgame\myengin_source\puitexturebutton.cpp(61): warning C4244: '인수': 'float'에서 'int'(으)로 변환하면서 데이터가 손실될 수 있습니다.
c:\users\ssafy\desktop\dinosaurgame\myengin_source\puitexturebutton.cpp(60): warning C4244: '인수': 'float'에서 'int'(으)로 변환하면서 데이터가 손실될 수 있습니다.
c:\users\ssafy\desktop\dinosaurgame\myengin_source\puitexturebutton.cpp(73): warning C4244: '인수': 'float'에서 'int'(으)로 변환하면서 데이터가 손실될 수 있습니다.
c:\users\ssafy\desktop\dinosaurgame\myengin_source\puitexturebutton.cpp(72): warning C4244: '인수': 'float'에서 'int'(으)로 변환하면서 데이터가 손실될 수 있습니다.
c:\users\ssafy\desktop\dinosaurgame\myengin_source\puitexturebutton.cpp(71): warning C4244: '인수': 'float'에서 'int'(으)로 변환하면서 데이터가 손실될 수 있습니다.
c:\users\ssafy\desktop\dinosaurgame\myengin_source\puitexturebutton.cpp(96): warning C4244: '인수': 'float'에서 'INT'(으)로 변환하면서 데이터가 손실될 수 있습니다.
c:\users\ssafy\desktop\dinosaurgame\myengin_source\puitexturebutton.cpp(95): warning C4244: '인수': 'float'에서 'INT'(으)로 변환하면서 데이터가 손실될 수 있습니다.
c:\users\ssafy\desktop\dinosaurgame\myengin_source\puitexturebutton.cpp(94): warning C4244: '인수': 'float'에서 'INT'(으)로 변환하면서 데이터가 손실될 수 있습니다.
c:\users\ssafy\desktop\dinosaurgame\myengin_source\puibutton.cpp(50): warning C4244: '인수': 'float'에서 'int'(으)로 변환하면서 데이터가 손실될 수 있습니다.
c:\users\ssafy\desktop\dinosaurgame\myengin_source\puibutton.cpp(59): warning C4244: '인수': 'float'에서 'int'(으)로 변환하면서 데이터가 손실될 수 있습니다.
c:\users\ssafy\desktop\dinosaurgame\myengin_source\puibutton.cpp(73): warning C4244: '인수': 'float'에서 'int'(으)로 변환하면서 데이터가 손실될 수 있습니다.
c:\users\ssafy\desktop\dinosaurgame\myengin_source\puibutton.cpp(72): warning C4244: '인수': 'float'에서 'int'(으)로 변환하면서 데이터가 손실될 수 있습니다.
c:\users\ssafy\desktop\dinosaurgame\myengin_source\puibutton.cpp(85): warning C4244: '인수': 'float'에서 'int'(으)로 변환하면서 데이터가 손실될 수 있습니다.
c:\users\ssafy\desktop\dinosaurgame\myengin_source\puibutton.cpp(84): warning C4244: '인수': 'float'에서 'int'(으)로 변환하면서 데이터가 손실될 수 있습니다.
c:\users\ssafy\desktop\dinosaurgame\myengin_source\puibutton.cpp(83): warning C4244: '인수': 'float'에서 'int'(으)로 변환하면서 데이터가 손실될 수 있습니다.
c:\users\ssafy\desktop\dinosaurgame\myengin_source\puibutton.cpp(108): warning C4244: '인수': 'float'에서 'INT'(으)로 변환하면서 데이터가 손실될 수 있습니다.
c:\users\ssafy\desktop\dinosaurgame\myengin_source\puibutton.cpp(107): warning C4244: '인수': 'float'에서 'INT'(으)로 변환하면서 데이터가 손실될 수 있습니다.
c:\users\ssafy\desktop\dinosaurgame\myengin_source\puibutton.cpp(106): warning C4244: '인수': 'float'에서 'INT'(으)로 변환하면서 데이터가 손실될 수 있습니다.
c:\users\ssafy\desktop\dinosaurgame\myengin_source\puimanager.cpp(41): warning C4244: '인수': 'float'에서 'UINT'(으)로 변환하면서 데이터가 손실될 수 있습니다.
c:\users\ssafy\desktop\dinosaurgame\myengin_source\puimanager.cpp(42): warning C4244: '인수': 'float'에서 'UINT'(으)로 변환하면서 데이터가 손실될 수 있습니다.
c:\users\ssafy\desktop\dinosaurgame\editor_window\main.cpp(145): warning C4244: '인수': 'time_t'에서 'unsigned int'(으)로 변환하면서 데이터가 손실될 수 있습니다.
c:\users\ssafy\desktop\dinosaurgame\editor_window\main.cpp(171): warning C4838: 'UINT'에서 'LONG'(으)로의 변환에는 축소 변환이 필요합니다.
c:\users\ssafy\desktop\dinosaurgame\myengin_source\puihud.cpp(42): warning C4244: '인수': 'float'에서 'int'(으)로 변환하면서 데이터가 손실될 수 있습니다.
c:\users\ssafy\desktop\dinosaurgame\myengin_source\puihud.cpp(41): warning C4244: '인수': 'float'에서 'int'(으)로 변환하면서 데이터가 손실될 수 있습니다.
c:\users\ssafy\desktop\dinosaurgame\myengin_source\puihud.cpp(54): warning C4244: '인수': 'float'에서 'int'(으)로 변환하면서 데이터가 손실될 수 있습니다.
c:\users\ssafy\desktop\dinosaurgame\myengin_source\puihud.cpp(53): warning C4244: '인수': 'float'에서 'int'(으)로 변환하면서 데이터가 손실될 수 있습니다.
c:\users\ssafy\desktop\dinosaurgame\myengin_source\puihud.cpp(52): warning C4244: '인수': 'float'에서 'int'(으)로 변환하면서 데이터가 손실될 수 있습니다.
c:\users\ssafy\desktop\dinosaurgame\myengin_source\puihud.cpp(77): warning C4244: '인수': 'float'에서 'INT'(으)로 변환하면서 데이터가 손실될 수 있습니다.
c:\users\ssafy\desktop\dinosaurgame\myengin_source\puihud.cpp(76): warning C4244: '인수': 'float'에서 'INT'(으)로 변환하면서 데이터가 손실될 수 있습니다.
c:\users\ssafy\desktop\dinosaurgame\myengin_source\puihud.cpp(75): warning C4244: '인수': 'float'에서 'INT'(으)로 변환하면서 데이터가 손실될 수 있습니다.
  Editor_Window.vcxproj -> C:\Users\SSAFY\Desktop\DinosaurGame\x64\Debug\Editor_Window.exe
  'pwsh.exe'은(는) 내부 또는 외부 명령, 실행할 수 있는 프로그램, 또는
  배치 파일이 아닙니다.
          1개 파일이 복사되었습니다.
          1개 파일이 복사되었습니다.
  C:\Users\SSAFY\Desktop\DinosaurGame\\Resources\dinosaur\Back A.png
  C:\Users\SSAFY\Desktop\DinosaurGame\\Resources\dinosaur\Back B.png
  C:\Users\SSAFY\Desktop\DinosaurGame\\Resources\dinosaur\Cactus A.png
  C:\Users\SSAFY\Desktop\DinosaurGame\\Resources\dinosaur\Cactus B.png
  C:\Users\SSAFY\Desktop\DinosaurGame\\Resources\dinosaur\Cactus C.png
  C:\Users\SSAFY\Desktop\DinosaurGame\\Resources\dinosaur\Cloud A.png
  C:\Users\SSAFY\Desktop\DinosaurGame\\Resources\dinosaur\Cloud B.png
  C:\Users\SSAFY\Desktop\DinosaurGame\\Resources\dinosaur\Ground.png
  C:\Users\SSAFY\Desktop\DinosaurGame\\Resources\dinosaur\Player.png
  C:\Users\SSAFY\Desktop\DinosaurGame\\Resources\dinosaur\Sky.png
  C:\Users\SSAFY\Desktop\DinosaurGame\\Resources\dinosaur\UI Btn Down.png
  C:\Users\SSAFY\Desktop\DinosaurGame\\Resources\dinosaur\UI Btn On.png
  C:\Users\SSAFY\Desktop\DinosaurGame\\Resources\dinosaur\UI Over.png
  13개 파일이 복사되었습니다.
