c:\users\ssafy\desktop\dinosaurgame\myengine_window\x64\debug\pcollider.obj
c:\users\ssafy\desktop\dinosaurgame\myengine_window\x64\debug\ptime.obj
c:\users\ssafy\desktop\dinosaurgame\myengine_window\x64\debug\pcollidercomponent.obj
c:\users\ssafy\desktop\dinosaurgame\myengine_window\x64\debug\puihud.obj
c:\users\ssafy\desktop\dinosaurgame\myengine_window\x64\debug\pcomponent.obj
c:\users\ssafy\desktop\dinosaurgame\myengine_window\x64\debug\puimanager.obj
c:\users\ssafy\desktop\dinosaurgame\myengine_window\x64\debug\panimator.obj
c:\users\ssafy\desktop\dinosaurgame\myengine_window\x64\debug\ptitlescene.obj
c:\users\ssafy\desktop\dinosaurgame\myengine_window\x64\debug\ptilemaprenderer.obj
c:\users\ssafy\desktop\dinosaurgame\myengine_window\x64\debug\pcat.obj
c:\users\ssafy\desktop\dinosaurgame\myengine_window\x64\debug\pcollisionmanager.obj
c:\users\ssafy\desktop\dinosaurgame\myengine_window\x64\debug\pfloor.obj
c:\users\ssafy\desktop\dinosaurgame\myengine_window\x64\debug\pcamera.obj
c:\users\ssafy\desktop\dinosaurgame\myengine_window\x64\debug\pbackground.obj
c:\users\ssafy\desktop\dinosaurgame\myengine_window\x64\debug\pconnectionmanager.obj
c:\users\ssafy\desktop\dinosaurgame\myengine_window\x64\debug\puibutton.obj
c:\users\ssafy\desktop\dinosaurgame\myengine_window\x64\debug\pgameobject.obj
c:\users\ssafy\desktop\dinosaurgame\myengine_window\x64\debug\pplayscene.obj
c:\users\ssafy\desktop\dinosaurgame\myengine_window\x64\debug\presources.obj
c:\users\ssafy\desktop\dinosaurgame\myengine_window\x64\debug\pfloorscript.obj
c:\users\ssafy\desktop\dinosaurgame\myengine_window\x64\debug\pmath.obj
c:\users\ssafy\desktop\dinosaurgame\myengine_window\x64\debug\pscript.obj
c:\users\ssafy\desktop\dinosaurgame\myengine_window\x64\debug\paudiosource.obj
c:\users\ssafy\desktop\dinosaurgame\myengine_window\x64\debug\ptransform.obj
c:\users\ssafy\desktop\dinosaurgame\myengine_window\x64\debug\pentity.obj
c:\users\ssafy\desktop\dinosaurgame\myengine_window\x64\debug\puitextbutton.obj
c:\users\ssafy\desktop\dinosaurgame\myengine_window\x64\debug\presource.obj
c:\users\ssafy\desktop\dinosaurgame\myengine_window\x64\debug\pcactus.obj
c:\users\ssafy\desktop\dinosaurgame\myengine_window\x64\debug\pfmod.obj
c:\users\ssafy\desktop\dinosaurgame\myengine_window\x64\debug\pcamerascript.obj
c:\users\ssafy\desktop\dinosaurgame\myengine_window\x64\debug\pinput.obj
c:\users\ssafy\desktop\dinosaurgame\myengine_window\x64\debug\pplayerscript.obj
c:\users\ssafy\desktop\dinosaurgame\myengine_window\x64\debug\pscenemanager.obj
c:\users\ssafy\desktop\dinosaurgame\myengine_window\x64\debug\ptoolscene.obj
c:\users\ssafy\desktop\dinosaurgame\myengine_window\x64\debug\pscene.obj
c:\users\ssafy\desktop\dinosaurgame\myengine_window\x64\debug\pparticlescript.obj
c:\users\ssafy\desktop\dinosaurgame\myengine_window\x64\debug\pboxcollider2d.obj
c:\users\ssafy\desktop\dinosaurgame\myengine_window\x64\debug\prenderer.obj
c:\users\ssafy\desktop\dinosaurgame\myengine_window\x64\debug\pcirclecollider2d.obj
c:\users\ssafy\desktop\dinosaurgame\myengine_window\x64\debug\ptexture.obj
c:\users\ssafy\desktop\dinosaurgame\myengine_window\x64\debug\paudiolistener.obj
c:\users\ssafy\desktop\dinosaurgame\myengine_window\x64\debug\puibase.obj
c:\users\ssafy\desktop\dinosaurgame\myengine_window\x64\debug\player.obj
c:\users\ssafy\desktop\dinosaurgame\myengine_window\x64\debug\pplayer.obj
c:\users\ssafy\desktop\dinosaurgame\myengine_window\x64\debug\pspriterenderer.obj
c:\users\ssafy\desktop\dinosaurgame\myengine_window\x64\debug\pcatscript.obj
c:\users\ssafy\desktop\dinosaurgame\myengine_window\x64\debug\paudioclip.obj
c:\users\ssafy\desktop\dinosaurgame\myengine_window\x64\debug\puitexturebutton.obj
c:\users\ssafy\desktop\dinosaurgame\myengine_window\x64\debug\prigidbody.obj
c:\users\ssafy\desktop\dinosaurgame\myengine_window\x64\debug\pparticle.obj
c:\users\ssafy\desktop\dinosaurgame\myengine_window\x64\debug\pdontdestroyonload.obj
c:\users\ssafy\desktop\dinosaurgame\myengine_window\x64\debug\pcactusscript.obj
c:\users\ssafy\desktop\dinosaurgame\myengine_window\x64\debug\papplication.obj
c:\users\ssafy\desktop\dinosaurgame\myengine_window\x64\debug\ptile.obj
c:\users\ssafy\desktop\dinosaurgame\myengine_window\x64\debug\panimtation.obj
c:\users\ssafy\desktop\dinosaurgame\myengine_window\x64\debug\pbackgroundscript.obj
c:\users\ssafy\desktop\dinosaurgame\myengine_window\x64\debug\myengine_window.pdb
c:\users\com100\documents\github\dinosaurgame\x64\debug\myengine_window.lib
c:\users\ssafy\desktop\dinosaurgame\x64\debug\myengine_window.lib
c:\users\ssafy\desktop\dinosaurgame\myengine_window\x64\debug\myengine_window.res
c:\users\ssafy\desktop\dinosaurgame\myengine_window\x64\debug\myengine_window.idb
c:\users\ssafy\desktop\dinosaurgame\x64\debug\myengine_window.pdb
c:\users\ssafy\desktop\dinosaurgame\myengine_window\x64\debug\myengine_window.tlog\cl.command.1.tlog
c:\users\ssafy\desktop\dinosaurgame\myengine_window\x64\debug\myengine_window.tlog\cl.read.1.tlog
c:\users\ssafy\desktop\dinosaurgame\myengine_window\x64\debug\myengine_window.tlog\cl.write.1.tlog
c:\users\ssafy\desktop\dinosaurgame\myengine_window\x64\debug\myengine_window.tlog\lib-link-cvtres.write.1.tlog
c:\users\ssafy\desktop\dinosaurgame\myengine_window\x64\debug\myengine_window.tlog\lib.command.1.tlog
c:\users\ssafy\desktop\dinosaurgame\myengine_window\x64\debug\myengine_window.tlog\lib.read.1.tlog
c:\users\ssafy\desktop\dinosaurgame\myengine_window\x64\debug\myengine_window.tlog\rc.command.1.tlog
c:\users\ssafy\desktop\dinosaurgame\myengine_window\x64\debug\myengine_window.tlog\rc.read.1.tlog
c:\users\ssafy\desktop\dinosaurgame\myengine_window\x64\debug\myengine_window.tlog\rc.write.1.tlog
